<?xml version="1.0" encoding="UTF-8"?>
<testsuite xmlns:xsi="http://www.w3.org/2001/XMLSchema-instance" xsi:noNamespaceSchemaLocation="https://maven.apache.org/surefire/maven-surefire-plugin/xsd/surefire-test-report-3.0.xsd" version="3.0" name="department.DepartmentTest" time="0.144" tests="6" errors="0" skipped="0" failures="0">
  <properties>
[...]
</properties>
  <testcase name="testDeleteValidEmployee" classname="department.DepartmentTest" time="0.033">
    <system-out><![CDATA[2024-03-10 13:54:59 INFO  Department:29 - Employee added : Smith, John
2024-03-10 13:54:59 INFO  Department:29 - Employee added : Bloggs, Fred
2024-03-10 13:54:59 INFO  Department:29 - Employee added : Jones, Thadeus
2024-03-10 13:54:59 ERROR Department:43 - Error in employee search : 789
]]></system-out>
  </testcase>
  <testcase name="testNoOfEmployees" classname="department.DepartmentTest" time="0.004">
    <system-out><![CDATA[2024-03-10 13:54:59 INFO  Department:29 - Employee added : Smith, John
2024-03-10 13:54:59 INFO  Department:29 - Employee added : Bloggs, Fred
2024-03-10 13:54:59 INFO  Department:29 - Employee added : Jones, Thadeus
]]></system-out>
  </testcase>
  <testcase name="testGetName" classname="department.DepartmentTest" time="0.003">
    <system-out><![CDATA[2024-03-10 13:54:59 INFO  Department:29 - Employee added : Smith, John
2024-03-10 13:54:59 INFO  Department:29 - Employee added : Bloggs, Fred
2024-03-10 13:54:59 INFO  Department:29 - Employee added : Jones, Thadeus
]]></system-out>
  </testcase>
  <testcase name="testDeleteInvalidEmployee" classname="department.DepartmentTest" time="0.003">
    <system-out><![CDATA[2024-03-10 13:54:59 INFO  Department:29 - Employee added : Smith, John
2024-03-10 13:54:59 INFO  Department:29 - Employee added : Bloggs, Fred
2024-03-10 13:54:59 INFO  Department:29 - Employee added : Jones, Thadeus
]]></system-out>
  </testcase>
  <testcase name="testSearchForValidEmployee" classname="department.DepartmentTest" time="0.002">
    <system-out><![CDATA[2024-03-10 13:54:59 INFO  Department:29 - Employee added : Smith, John
2024-03-10 13:54:59 INFO  Department:29 - Employee added : Bloggs, Fred
2024-03-10 13:54:59 INFO  Department:29 - Employee added : Jones, Thadeus
]]></system-out>
  </testcase>
  <testcase name="testSearchForInvalidEmployee" classname="department.DepartmentTest" time="0.005">
    <system-out><![CDATA[2024-03-10 13:54:59 INFO  Department:29 - Employee added : Smith, John
2024-03-10 13:54:59 INFO  Department:29 - Employee added : Bloggs, Fred
2024-03-10 13:54:59 INFO  Department:29 - Employee added : Jones, Thadeus
2024-03-10 13:54:59 ERROR Department:43 - Error in employee search : 999
]]></system-out>
  </testcase>
</testsuite>